[debug] [2021-03-31T17:19:53.432Z] ----------------------------------------------------------------------
[debug] [2021-03-31T17:19:53.434Z] Command:       /usr/local/bin/node /usr/local/bin/firebase init
[debug] [2021-03-31T17:19:53.434Z] CLI Version:   9.8.0
[debug] [2021-03-31T17:19:53.434Z] Platform:      linux
[debug] [2021-03-31T17:19:53.434Z] Node Version:  v14.15.3
[debug] [2021-03-31T17:19:53.435Z] Time:          Wed Mar 31 2021 23:19:53 GMT+0600 (Bangladesh Standard Time)
[debug] [2021-03-31T17:19:53.435Z] ----------------------------------------------------------------------
[debug] 
[debug] [2021-03-31T17:19:53.437Z] > command requires scopes: ["email","openid","https://www.googleapis.com/auth/cloudplatformprojects.readonly","https://www.googleapis.com/auth/firebase","https://www.googleapis.com/auth/cloud-platform"]
[debug] [2021-03-31T17:19:53.438Z] > authorizing via signed-in user
[info] 
     ######## #### ########  ######## ########     ###     ######  ########
     ##        ##  ##     ## ##       ##     ##  ##   ##  ##       ##
     ######    ##  ########  ######   ########  #########  ######  ######
     ##        ##  ##    ##  ##       ##     ## ##     ##       ## ##
     ##       #### ##     ## ######## ########  ##     ##  ######  ########

You're about to initialize a Firebase project in this directory:

  /home/tariqul/Downloads/tariqul.github.io-master

[info] 
=== Project Setup
[info] 
[info] First, let's associate this project directory with a Firebase project.
[info] You can create multiple project aliases by running firebase use --add, 
[info] but for now we'll just set up a default project.
[info] 
[debug] [2021-03-31T17:20:02.296Z] >>> [apiv2][query] GET https://firebase.googleapis.com/v1beta1/projects pageSize=100
[debug] [2021-03-31T17:20:03.052Z] <<< [apiv2][status] GET https://firebase.googleapis.com/v1beta1/projects 200
[debug] [2021-03-31T17:20:03.052Z] <<< [apiv2][body] GET https://firebase.googleapis.com/v1beta1/projects [omitted]
[info] i  Using project portfolio-tariqul (portfolio) 
[info] 
=== Hosting Setup
[info] 
[info] Your public directory is the folder (relative to your project directory) that
[info] will contain Hosting assets to be uploaded with firebase deploy. If you
[info] have a build process for your assets, use your build's output directory.
[info] 
[debug] [2021-03-31T17:20:54.417Z] >>> [apiv2][query] GET https://www.gstatic.com/firebasejs/releases.json [none]
[debug] [2021-03-31T17:20:54.593Z] <<< [apiv2][status] GET https://www.gstatic.com/firebasejs/releases.json 200
[debug] [2021-03-31T17:20:54.594Z] <<< [apiv2][body] GET https://www.gstatic.com/firebasejs/releases.json {"current":{"version":"8.3.1","browserURL":"https://www.gstatic.com/firebasejs/8.3.1/firebase.js","packageURL":"https://www.gstatic.com/firebasejs/8.3.1/firebase.tgz"},"live":{"version":"8.3","browserURL":"https://www.gstatic.com/firebasejs/live/8.3/firebase.js","packageURL":"https://www.gstatic.com/firebasejs/live/8.3/firebase.tgz"},"components":{"analytics":"https://www.gstatic.com/firebasejs/8.3.1/firebase-analytics.js","app":"https://www.gstatic.com/firebasejs/8.3.1/firebase-app.js","auth":"https://www.gstatic.com/firebasejs/8.3.1/firebase-auth.js","database":"https://www.gstatic.com/firebasejs/8.3.1/firebase-database.js","firestore":"https://www.gstatic.com/firebasejs/8.3.1/firebase-firestore.js","functions":"https://www.gstatic.com/firebasejs/8.3.1/firebase-functions.js","installations":"https://www.gstatic.com/firebasejs/8.3.1/firebase-installations.js","messaging":"https://www.gstatic.com/firebasejs/8.3.1/firebase-messaging.js","storage":"https://www.gstatic.com/firebasejs/8.3.1/firebase-storage.js","performance":"https://www.gstatic.com/firebasejs/8.3.1/firebase-performance.js","remote-config":"https://www.gstatic.com/firebasejs/8.3.1/firebase-remote-config.js","firestore.memory":"https://www.gstatic.com/firebasejs/8.3.1/firebase-firestore.memory.js"}}
[info] ✔  Wrote build/index.html 
[info] 
[info] i  Detected a .git folder at /home/tariqul/Downloads 
[info] i  Authorizing with GitHub to upload your service account to a GitHub repository's secrets store. 
[info] 
[info] Visit this URL on this device to log in:
[info] https://github.com/login/oauth/authorize?client_id=89cf50f02ac6aaed3484&state=640132868&redirect_uri=http%3A%2F%2Flocalhost%3A9005&scope=read%3Auser%20repo%20public_repo
[info] 
[info] Waiting for authentication...
[debug] [2021-03-31T17:21:06.307Z] >>> HTTP REQUEST POST https://github.com/login/oauth/access_token  
 {"client_id":"89cf50f02ac6aaed3484","client_secret":"3330d14abc895d9a74d5f17cd7a00711fa2c5bf0","code":"6b822486e96caa3e592f","redirect_uri":"http://localhost:9005","state":"640132868"}
[debug] [2021-03-31T17:21:06.765Z] <<< HTTP RESPONSE 200 {"server":"GitHub.com","date":"Wed, 31 Mar 2021 17:21:06 GMT","content-type":"application/json; charset=utf-8","transfer-encoding":"chunked","vary":"X-PJAX, Accept-Encoding, Accept, X-Requested-With","etag":"W/\"169d19f87e4db1f66f3f8053e463394d\"","cache-control":"max-age=0, private, must-revalidate","strict-transport-security":"max-age=31536000; includeSubdomains; preload","x-frame-options":"deny","x-content-type-options":"nosniff","x-xss-protection":"0","referrer-policy":"origin-when-cross-origin, strict-origin-when-cross-origin","expect-ct":"max-age=2592000, report-uri=\"https://api.github.com/_private/browser/errors\"","content-security-policy":"default-src 'none'; base-uri 'self'; block-all-mixed-content; connect-src 'self' uploads.github.com www.githubstatus.com collector.githubapp.com api.github.com github-cloud.s3.amazonaws.com github-production-repository-file-5c1aeb.s3.amazonaws.com github-production-upload-manifest-file-7fdce7.s3.amazonaws.com github-production-user-asset-6210df.s3.amazonaws.com cdn.optimizely.com logx.optimizely.com/v1/events wss://alive.github.com; font-src github.githubassets.com; form-action 'self' github.com gist.github.com; frame-ancestors 'none'; frame-src render.githubusercontent.com; img-src 'self' data: github.githubassets.com identicons.github.com collector.githubapp.com github-cloud.s3.amazonaws.com secured-user-images.githubusercontent.com/ *.githubusercontent.com; manifest-src 'self'; media-src 'none'; script-src github.githubassets.com; style-src 'unsafe-inline' github.githubassets.com; worker-src github.com/socket-worker-3f088aa2.js gist.github.com/socket-worker-3f088aa2.js","x-github-request-id":"8B86:06BB:1144406:12547A7:6064AF82"}
[debug] [2021-03-31T17:21:06.767Z] >>> [apiv2][query] GET https://api.github.com/user [none]
[debug] [2021-03-31T17:21:07.239Z] <<< [apiv2][status] GET https://api.github.com/user 200
[debug] [2021-03-31T17:21:07.239Z] <<< [apiv2][body] GET https://api.github.com/user {"login":"tstariqul","id":72482679,"node_id":"MDQ6VXNlcjcyNDgyNjc5","avatar_url":"https://avatars.githubusercontent.com/u/72482679?v=4","gravatar_id":"","url":"https://api.github.com/users/tstariqul","html_url":"https://github.com/tstariqul","followers_url":"https://api.github.com/users/tstariqul/followers","following_url":"https://api.github.com/users/tstariqul/following{/other_user}","gists_url":"https://api.github.com/users/tstariqul/gists{/gist_id}","starred_url":"https://api.github.com/users/tstariqul/starred{/owner}{/repo}","subscriptions_url":"https://api.github.com/users/tstariqul/subscriptions","organizations_url":"https://api.github.com/users/tstariqul/orgs","repos_url":"https://api.github.com/users/tstariqul/repos","events_url":"https://api.github.com/users/tstariqul/events{/privacy}","received_events_url":"https://api.github.com/users/tstariqul/received_events","type":"User","site_admin":false,"name":"Tariqul Islam","company":"Forex","blog":"https://tstariqul.github.io/","location":"Dhaka, Bangladesh","email":"tariqul15-2250@diu.edu.bd","hireable":true,"bio":"\r\nI'm a full-stack Web Application Developer. I'm doing a BSc in CSE from DIU. My primary focus and inspiration for my studies are Web Development.","twitter_username":"tistariqul","public_repos":20,"public_gists":1,"followers":1,"following":3,"created_at":"2020-10-07T03:23:23Z","updated_at":"2021-03-31T17:18:19Z","private_gists":0,"total_private_repos":1,"owned_private_repos":1,"disk_usage":38192,"collaborators":0,"two_factor_authentication":true,"plan":{"name":"pro","space":976562499,"collaborators":0,"private_repos":9999}}
[info] 
[info] ✔  Success! Logged into GitHub as tstariqul 
[info] 
